Performing C SOURCE FILE Test CMAKE_HAVE_LIBC_PTHREAD failed with the following output:
Change Dir: /home/zhouyi/catkin_ws/src/proj2phase1/tag_detector/cmake-build-debug/CMakeFiles/CMakeTmp

Run Build Command(s):/usr/bin/make -f Makefile cmTC_56181/fast && /usr/bin/make  -f CMakeFiles/cmTC_56181.dir/build.make CMakeFiles/cmTC_56181.dir/build
make[1]: Entering directory '/home/zhouyi/catkin_ws/src/proj2phase1/tag_detector/cmake-build-debug/CMakeFiles/CMakeTmp'
Building C object CMakeFiles/cmTC_56181.dir/src.c.o
/usr/bin/cc -DCMAKE_HAVE_LIBC_PTHREAD   -o CMakeFiles/cmTC_56181.dir/src.c.o -c /home/zhouyi/catkin_ws/src/proj2phase1/tag_detector/cmake-build-debug/CMakeFiles/CMakeTmp/src.c
Linking C executable cmTC_56181
/home/zhouyi/Software/CLion-2019.1.4/clion-2019.1.4/bin/cmake/linux/bin/cmake -E cmake_link_script CMakeFiles/cmTC_56181.dir/link.txt --verbose=1
/usr/bin/cc -rdynamic CMakeFiles/cmTC_56181.dir/src.c.o -o cmTC_56181 
CMakeFiles/cmTC_56181.dir/src.c.o: In function `main':
src.c:(.text+0x3e): undefined reference to `pthread_create'
src.c:(.text+0x4a): undefined reference to `pthread_detach'
src.c:(.text+0x56): undefined reference to `pthread_cancel'
src.c:(.text+0x67): undefined reference to `pthread_join'
src.c:(.text+0x7b): undefined reference to `pthread_atfork'
collect2: error: ld returned 1 exit status
CMakeFiles/cmTC_56181.dir/build.make:98: recipe for target 'cmTC_56181' failed
make[1]: *** [cmTC_56181] Error 1
make[1]: Leaving directory '/home/zhouyi/catkin_ws/src/proj2phase1/tag_detector/cmake-build-debug/CMakeFiles/CMakeTmp'
Makefile:127: recipe for target 'cmTC_56181/fast' failed
make: *** [cmTC_56181/fast] Error 2


Source file was:
#include <pthread.h>

static void* test_func(void* data)
{
  return data;
}

int main(void)
{
  pthread_t thread;
  pthread_create(&thread, NULL, test_func, NULL);
  pthread_detach(thread);
  pthread_cancel(thread);
  pthread_join(thread, NULL);
  pthread_atfork(NULL, NULL, NULL);
  pthread_exit(NULL);

  return 0;
}

Determining if the function pthread_create exists in the pthreads failed with the following output:
Change Dir: /home/zhouyi/catkin_ws/src/proj2phase1/tag_detector/cmake-build-debug/CMakeFiles/CMakeTmp

Run Build Command(s):/usr/bin/make -f Makefile cmTC_54b0f/fast && /usr/bin/make  -f CMakeFiles/cmTC_54b0f.dir/build.make CMakeFiles/cmTC_54b0f.dir/build
make[1]: Entering directory '/home/zhouyi/catkin_ws/src/proj2phase1/tag_detector/cmake-build-debug/CMakeFiles/CMakeTmp'
Building C object CMakeFiles/cmTC_54b0f.dir/CheckFunctionExists.c.o
/usr/bin/cc   -DCHECK_FUNCTION_EXISTS=pthread_create -o CMakeFiles/cmTC_54b0f.dir/CheckFunctionExists.c.o -c /home/zhouyi/Software/CLion-2019.1.4/clion-2019.1.4/bin/cmake/linux/share/cmake-3.20/Modules/CheckFunctionExists.c
Linking C executable cmTC_54b0f
/home/zhouyi/Software/CLion-2019.1.4/clion-2019.1.4/bin/cmake/linux/bin/cmake -E cmake_link_script CMakeFiles/cmTC_54b0f.dir/link.txt --verbose=1
/usr/bin/cc  -DCHECK_FUNCTION_EXISTS=pthread_create -rdynamic CMakeFiles/cmTC_54b0f.dir/CheckFunctionExists.c.o -o cmTC_54b0f  -lpthreads 
/usr/bin/ld: cannot find -lpthreads
collect2: error: ld returned 1 exit status
CMakeFiles/cmTC_54b0f.dir/build.make:98: recipe for target 'cmTC_54b0f' failed
make[1]: *** [cmTC_54b0f] Error 1
make[1]: Leaving directory '/home/zhouyi/catkin_ws/src/proj2phase1/tag_detector/cmake-build-debug/CMakeFiles/CMakeTmp'
Makefile:127: recipe for target 'cmTC_54b0f/fast' failed
make: *** [cmTC_54b0f/fast] Error 2



